-------------------------------------------------------------------------------
Test set: com.masparaga.demo.DemoApplicationTests
-------------------------------------------------------------------------------
Tests run: 1, Failures: 0, Errors: 1, Skipped: 0, Time elapsed: 2.589 s <<< FAILURE! - in com.masparaga.demo.DemoApplicationTests
contextLoads  Time elapsed: 0.008 s  <<< ERROR!
java.lang.IllegalStateException: Failed to load ApplicationContext
Caused by: org.springframework.beans.factory.UnsatisfiedDependencyException: Error creating bean with name 'authController': Unsatisfied dependency expressed through field 'roleRepository'; nested exception is org.springframework.beans.factory.BeanCreationException: Error creating bean with name 'roleRepository' defined in com.masparaga.demo.repository.RoleRepository defined in @EnableMongoRepositories declared on DemoApplication: Invocation of init method failed; nested exception is org.springframework.data.repository.query.QueryCreationException: Could not create query for public abstract java.util.Optional com.masparaga.demo.repository.RoleRepository.findByName(com.masparaga.demo.model.ERole)! Reason: No property name found for type Role!; nested exception is org.springframework.data.mapping.PropertyReferenceException: No property name found for type Role!
Caused by: org.springframework.beans.factory.BeanCreationException: Error creating bean with name 'roleRepository' defined in com.masparaga.demo.repository.RoleRepository defined in @EnableMongoRepositories declared on DemoApplication: Invocation of init method failed; nested exception is org.springframework.data.repository.query.QueryCreationException: Could not create query for public abstract java.util.Optional com.masparaga.demo.repository.RoleRepository.findByName(com.masparaga.demo.model.ERole)! Reason: No property name found for type Role!; nested exception is org.springframework.data.mapping.PropertyReferenceException: No property name found for type Role!
Caused by: org.springframework.data.repository.query.QueryCreationException: Could not create query for public abstract java.util.Optional com.masparaga.demo.repository.RoleRepository.findByName(com.masparaga.demo.model.ERole)! Reason: No property name found for type Role!; nested exception is org.springframework.data.mapping.PropertyReferenceException: No property name found for type Role!
Caused by: org.springframework.data.mapping.PropertyReferenceException: No property name found for type Role!

